<?xml version="1.0" encoding="UTF-8"?>
<!-- Generated by org.testng.reporters.JUnitXMLReporter -->
<testsuite hostname="DESKTOP-US66I4R" ignored="0" name="ChromeTest" tests="6" failures="0" timestamp="2020-07-17T14:05:41 PDT" time="48.385" errors="0">
  <testcase name="appLogin" time="12.375" classname="com.sampleframework.testCases.BaseClass"/>
  <testcase name="login" time="0.917" classname="com.sampleframework.testCases.TC_LoginTest_001"/>
  <testcase name="appLogin" time="6.761" classname="com.sampleframework.testCases.BaseClass"/>
  <testcase name="addCustomer" time="8.427" classname="com.sampleframework.testCases.TC_AddCustomer_004"/>
  <testcase name="appLogin" time="6.184" classname="com.sampleframework.testCases.BaseClass"/>
  <testcase name="searchEmail" time="1.499" classname="com.sampleframework.testCases.TC_SearchCustomerByEmail_005"/>
</testsuite> <!-- ChromeTest -->
